Diagnose log at 2026-06-11T19:46:17Z

AppPath: C:\Program Files\Git\mingw64\bin\git-credential-manager.exe
InstallDir: C:\Program Files\Git\mingw64\bin\
Version: 2.7.3+5fa7116896c82164996a609accd1c5ad90fe730a

------------
Diagnostic: Environment
Skipped: False
Success: True
Exception: None
Log:
OSType: Windows
OSVersion: 10.0 (build 26200)
Reading environment variables... OK
 Variables:
OneDriveConsumer=C:\Users\Usuario\OneDrive
ProgramFiles(x86)=C:\Program Files (x86)
MSYSTEM=MINGW64
ProgramW6432=C:\Program Files
EXEPATH=C:\Program Files\Git
PROCESSOR_IDENTIFIER=AMD64 Family 25 Model 80 Stepping 0, AuthenticAMD
PKG_CONFIG_SYSTEM_LIBRARY_PATH=C:/Program Files/Git/mingw64/lib
APPDATA=C:\Users\Usuario\AppData\Roaming
TMP=C:\Users\Usuario\AppData\Local\Temp
PROCESSOR_ARCHITECTURE=AMD64
INFOPATH=C:\Program Files\Git\mingw64\local\info;C:\Program Files\Git\mingw64\share\info;C:\Program Files\Git\usr\local\info;C:\Program Files\Git\usr\share\info;C:\Program Files\Git\usr\info;C:\Program Files\Git\share\info
PATHEXT=.COM;.EXE;.BAT;.CMD;.VBS;.VBE;.JS;.JSE;.WSF;.WSH;.MSC
PWD=C:/xampp/htdocs/concursos_mat
CONFIG_SITE=C:/Program Files/Git/etc/config.site
PROCESSOR_REVISION=5000
OLDPWD=C:/xampp/htdocs
TEMP=C:\Users\Usuario\AppData\Local\Temp
USERPROFILE=C:\Users\Usuario
PKG_CONFIG_PATH=C:\Program Files\Git\mingw64\lib\pkgconfig;C:\Program Files\Git\mingw64\share\pkgconfig
LOGONSERVER=\\DESKTOP-H714L12
TERM=xterm
USERNAME=Usuario
ProgramData=C:\ProgramData
GIT_EXEC_PATH=C:/Program Files/Git/mingw64/libexec/git-core
PLINK_PROTOCOL=ssh
COMMONPROGRAMFILES=C:\Program Files\Common Files
_=C:/Program Files/Git/mingw64/bin/git
PATH=C:/Program Files/Git/mingw64/libexec/git-core;C:\Users\Usuario\bin;C:\Program Files\Git\mingw64\bin;C:\Program Files\Git\usr\local\bin;C:\Program Files\Git\usr\bin;C:\Program Files\Git\usr\bin;C:\Program Files\Git\mingw64\bin;C:\Program Files\Git\usr\bin;C:\Users\Usuario\bin;C:\WINDOWS\system32;C:\WINDOWS;C:\WINDOWS\System32\Wbem;C:\WINDOWS\System32\WindowsPowerShell\v1.0;C:\WINDOWS\System32\OpenSSH;C:\Program Files (x86)\Microsoft SQL Server\170\Tools\Binn;C:\Program Files\Microsoft SQL Server\170\Tools\Binn;C:\Program Files\Microsoft SQL Server\Client SDK\ODBC\180\Tools\Binn;C:\Program Files\Microsoft SQL Server\170\DTS\Binn;C:\Program Files\GTK3-Runtime Win64\bin;C:\Program Files\Git\cmd;C:\Users\Usuario\AppData\Local\Microsoft\WindowsApps;C:\Users\Usuario\AppData\Local\Programs\Microsoft VS Code\bin;C:\Users\Usuario\AppData\Local\Python\bin;C:\Program Files\Git\usr\bin\vendor_perl;C:\Program Files\Git\usr\bin\core_perl
OneDrive=C:\Users\Usuario\OneDrive
LOCALAPPDATA=C:\Users\Usuario\AppData\Local
MSYSTEM_CARCH=x86_64
EFC_12192_1592913036=1
EFC_12192_4126798990=1
PKG_CONFIG_SYSTEM_INCLUDE_PATH=C:/Program Files/Git/mingw64/include
PROCESSOR_LEVEL=25
MINGW_CHOST=x86_64-w64-mingw32
HOSTNAME=DESKTOP-H714L12
HOMEPATH=\Users\Usuario
DISPLAY=needs-to-be-defined
MANPATH=C:\Program Files\Git\mingw64\local\man;C:\Program Files\Git\mingw64\share\man;C:\Program Files\Git\usr\local\man;C:\Program Files\Git\usr\share\man;C:\Program Files\Git\usr\man;C:\Program Files\Git\share\man
WINDIR=C:\WINDOWS
USERDOMAIN=DESKTOP-H714L12
ORIGINAL_TMP=C:/Users/Usuario/AppData/Local/Temp
ALLUSERSPROFILE=C:\ProgramData
CommonProgramW6432=C:\Program Files\Common Files
SYSTEMROOT=C:\WINDOWS
NUMBER_OF_PROCESSORS=12
SHELL=C:\Program Files\Git\usr\bin\bash.exe
PROGRAMFILES=C:\Program Files
SHLVL=1
SESSIONNAME=Console
DriverData=C:\Windows\System32\Drivers\DriverData
HOMEDRIVE=C:
EFC_12192_2946480783=1
GIT_TRACE2_PARENT_SID=ca415873-a62e-4ef5-a7b1-d893d979f25a
ACLOCAL_PATH=C:\Program Files\Git\mingw64\share\aclocal;C:\Program Files\Git\usr\share\aclocal
ORIGINAL_PATH=C:\Program Files\Git\mingw64\bin;C:\Program Files\Git\usr\bin;C:\Users\Usuario\bin;C:\WINDOWS\system32;C:\WINDOWS;C:\WINDOWS\System32\Wbem;C:\WINDOWS\System32\WindowsPowerShell\v1.0;C:\WINDOWS\System32\OpenSSH;C:\Program Files (x86)\Microsoft SQL Server\170\Tools\Binn;C:\Program Files\Microsoft SQL Server\170\Tools\Binn;C:\Program Files\Microsoft SQL Server\Client SDK\ODBC\180\Tools\Binn;C:\Program Files\Microsoft SQL Server\170\DTS\Binn;C:\Program Files\GTK3-Runtime Win64\bin;C:\Program Files\Git\cmd;C:\Users\Usuario\AppData\Local\Microsoft\WindowsApps;C:\Users\Usuario\AppData\Local\Programs\Microsoft VS Code\bin;C:\Users\Usuario\AppData\Local\Python\bin
OS=Windows_NT
MSYSTEM_PREFIX=C:/Program Files/Git/mingw64
MSYSTEM_CHOST=x86_64-w64-mingw32
USERDOMAIN_ROAMINGPROFILE=DESKTOP-H714L12
MINGW_PREFIX=C:/Program Files/Git/mingw64
ORIGINAL_TEMP=C:/Users/Usuario/AppData/Local/Temp
HOME=C:\Users\Usuario
SYSTEMDRIVE=C:
PSModulePath=C:\Program Files\WindowsPowerShell\Modules;C:\WINDOWS\system32\WindowsPowerShell\v1.0\Modules;C:\Program Files\Microsoft SQL Server\170\Tools\PowerShell\Modules\
TMPDIR=C:\Users\Usuario\AppData\Local\Temp
MINGW_PACKAGE_PREFIX=mingw-w64-x86_64
PS1=\[\033]0;$TITLEPREFIX:$PWD\007\]\n\[\033[32m\]\u@\h \[\033[35m\]$MSYSTEM \[\033[33m\]\w\[\033[36m\]`__git_ps1`\[\033[0m\]\n$ 
COMPUTERNAME=DESKTOP-H714L12
LC_CTYPE=es_MX.UTF-8
SSH_ASKPASS=C:/Program Files/Git/mingw64/bin/git-askpass.exe
EFC_12192_344590478=1
COMSPEC=C:\WINDOWS\system32\cmd.exe
TERM_PROGRAM_VERSION=3.8.2
CommonProgramFiles(x86)=C:\Program Files (x86)\Common Files
PUBLIC=C:\Users\Public
TERM_PROGRAM=mintty


------------
Diagnostic: File system
Skipped: False
Success: True
Exception: None
Log:
Temporary directory is 'C:\Users\Usuario\AppData\Local\Temp\'...
Checking basic file I/O...
Writing to temporary file 'C:\Users\Usuario\AppData\Local\Temp\97c44b17b7dc31809640e516'... OK
Reading from temporary file 'C:\Users\Usuario\AppData\Local\Temp\97c44b17b7dc31809640e516'... OK
Deleting temporary file 'C:\Users\Usuario\AppData\Local\Temp\97c44b17b7dc31809640e516'... OK
Testing IFileSystem instance...
UserHomePath: C:\Users\Usuario
UserDataDirectoryPath: C:\Users\Usuario\.gcm
GetCurrentDirectory(): C:\xampp\htdocs\concursos_mat

------------
Diagnostic: Networking
Skipped: False
Success: True
Exception: None
Log:
Checking networking and HTTP stack...
Creating HTTP client... OK
IsNetworkAvailable: True
Sending HEAD request to http://example.com...Sending HEAD request to https://example.com... OK
 OK
Acquiring free TCP port... OK
Testing local HTTP loopback connections...
Creating new HTTP listener for http://localhost:64794/... OK
Waiting for loopback connection... OK
Writing response... OK
Waiting for response data... OK
Loopback connection data OK

------------
Diagnostic: Git
Skipped: False
Success: True
Exception: None
Log:
Getting Git version... OK
Git version is '2.54.0.windows.1'
Locating current repository...Git repository at 'C:/xampp/htdocs/concursos_mat/.git'
 OK
Listing all Git configuration... OK
Git configuration:
file:C:/Program Files/Git/etc/gitconfig	diff.astextplain.textconv=astextplain
file:C:/Program Files/Git/etc/gitconfig	filter.lfs.clean=git-lfs clean -- %f
file:C:/Program Files/Git/etc/gitconfig	filter.lfs.smudge=git-lfs smudge -- %f
file:C:/Program Files/Git/etc/gitconfig	filter.lfs.process=git-lfs filter-process
file:C:/Program Files/Git/etc/gitconfig	filter.lfs.required=true
file:C:/Program Files/Git/etc/gitconfig	http.sslbackend=schannel
file:C:/Program Files/Git/etc/gitconfig	core.autocrlf=true
file:C:/Program Files/Git/etc/gitconfig	core.fscache=true
file:C:/Program Files/Git/etc/gitconfig	core.symlinks=false
file:C:/Program Files/Git/etc/gitconfig	pull.rebase=false
file:C:/Program Files/Git/etc/gitconfig	credential.helper=manager
file:C:/Program Files/Git/etc/gitconfig	credential.https://dev.azure.com.usehttppath=true
file:C:/Program Files/Git/etc/gitconfig	init.defaultbranch=master
file:C:/Users/Usuario/.gitconfig	user.name=martinrims360
file:C:/Users/Usuario/.gitconfig	user.email=martinrimachi6@gmail.com
file:C:/Users/Usuario/.gitconfig	safe.directory=C:/Users/Public
file:.git/config	core.repositoryformatversion=0
file:.git/config	core.filemode=false
file:.git/config	core.bare=false
file:.git/config	core.logallrefupdates=true
file:.git/config	core.symlinks=false
file:.git/config	core.ignorecase=true
file:.git/config	remote.origin.url=https://github.com/martinrims360/System_Math_Tarpuy.git
file:.git/config	remote.origin.fetch=+refs/heads/*:refs/remotes/origin/*


------------
Diagnostic: Credential storage
Skipped: False
Success: True
Exception: None
Log:
ICredentialStore instance is of type: CredentialStore
Writing test credential... OK
Reading test credential... OK
Deleting test credential... OK

------------
Diagnostic: Microsoft authentication (AAD/MSA)
Skipped: False
Success: True
Exception: None
Log:
Broker is not enabled.
Flow type is: Auto
Gathering MSAL token cache data... OK
CacheDirectory: C:\Users\Usuario\AppData\Local\.IdentityService
CacheFileName: msal.cache
CacheFilePath: C:\Users\Usuario\AppData\Local\.IdentityService\msal.cache
Creating cache helper... OK
Verifying MSAL token cache persistence... OK

------------
Diagnostic: GitHub API
Skipped: False
Success: True
Exception: None
Log:
Using 'https://github.com/' as API target.
Querying '/meta' endpoint... OK

